L 04/23/2026 - 19:32:34: -------- Mapchange to de_dust2 --------
L 04/23/2026 - 19:42:58: -------- Mapchange to as_oilrig --------
L 04/23/2026 - 19:43:01: [admin.amxx] Login: "Deivid<1><STEAM_ID_LAN><>" became an admin (account "loopback") (access "abcdefghijklmnopqrstuv") (address "loopback")
L 04/23/2026 - 19:43:05: [admin.amxx] Login: "Deivid<1><STEAM_ID_LAN><>" became an admin (account "loopback") (access "abcdefghijklmnopqrstuv") (address "loopback")
L 04/23/2026 - 19:47:13: -------- Mapchange to de_dust2 --------
L 04/23/2026 - 19:48:33: -------- Mapchange to de_dust2 --------
L 04/23/2026 - 19:48:34: [admin.amxx] Login: "Deivid<12><STEAM_ID_LAN><>" became an admin (account "loopback") (access "abcdefghijklmnopqrstuv") (address "loopback")
L 04/23/2026 - 19:48:34: [admin.amxx] Login: "Deivid<12><STEAM_ID_LAN><>" became an admin (account "loopback") (access "abcdefghijklmnopqrstuv") (address "loopback")
L 04/23/2026 - 21:10:34: -------- Mapchange to de_dust2 --------
L 04/23/2026 - 21:31:20: -------- Mapchange to de_dust2 --------
L 04/23/2026 - 21:31:20: [skin_armas.amxx] File Inexistent: "NÃO" (Line 1 of novas_armas.ini)
L 04/23/2026 - 21:31:21: [skin_armas.amxx] File Inexistent: "models/newSkins_Deivid/bomba/v_smokegrenade.md" (Line 71 of novas_armas.ini)
L 04/23/2026 - 21:31:21: [skin_armas.amxx] File Inexistent: "models/newSkins_Deivid/bomba/w_smokegrenade.md" (Line 72 of novas_armas.ini)
L 04/23/2026 - 21:42:38: -------- Mapchange to de_dust2 --------
L 04/23/2026 - 21:42:38: [skin_armas.amxx] File Inexistent: "NÃO" (Line 1 of novas_armas.ini)
L 04/23/2026 - 21:42:38: [skin_armas.amxx] File Inexistent: "models/newSkins_Deivid/bomba/v_smokegrenade.md" (Line 71 of novas_armas.ini)
L 04/23/2026 - 21:42:38: [skin_armas.amxx] File Inexistent: "models/newSkins_Deivid/bomba/w_smokegrenade.md" (Line 72 of novas_armas.ini)
L 04/23/2026 - 22:06:57: -------- Mapchange to de_dust2 --------
L 04/23/2026 - 22:06:57: [skin_armas.amxx] File Inexistent: "NÃO" (Line 1 of novas_armas.ini)
L 04/23/2026 - 22:06:57: [skin_armas.amxx] File Inexistent: "models/newSkins_Deivid/bomba/v_smokegrenade.md" (Line 71 of novas_armas.ini)
L 04/23/2026 - 22:06:57: [skin_armas.amxx] File Inexistent: "models/newSkins_Deivid/bomba/w_smokegrenade.md" (Line 72 of novas_armas.ini)
L 04/23/2026 - 22:22:58: [mapchooser.amxx] Vote: Voting for the nextmap started
L 04/23/2026 - 22:23:13: [mapchooser.amxx] Vote: Voting for the nextmap finished. The nextmap will be de_cbble
L 04/23/2026 - 22:24:01: -------- Mapchange to de_cbble --------
L 04/23/2026 - 22:24:01: [skin_armas.amxx] File Inexistent: "NÃO" (Line 1 of novas_armas.ini)
L 04/23/2026 - 22:24:01: [skin_armas.amxx] File Inexistent: "models/newSkins_Deivid/bomba/v_smokegrenade.md" (Line 71 of novas_armas.ini)
L 04/23/2026 - 22:24:01: [skin_armas.amxx] File Inexistent: "models/newSkins_Deivid/bomba/w_smokegrenade.md" (Line 72 of novas_armas.ini)
