L 04/23/2026 - 19:47:13: Log file started (file "logs\L0423002.log") (game "cstrike") (version "48/1.1.2.6/4554")
L 04/23/2026 - 19:47:13: Loading map "de_dust2"
L 04/23/2026 - 19:47:13: Server cvars start
L 04/23/2026 - 19:47:13: Server cvar "_tutor_bomb_viewable_check_interval" = "0.5"
L 04/23/2026 - 19:47:13: Server cvar "_tutor_debug_level" = "0"
L 04/23/2026 - 19:47:13: Server cvar "_tutor_examine_time" = "0.5"
L 04/23/2026 - 19:47:13: Server cvar "_tutor_hint_interval_time" = "10.0"
L 04/23/2026 - 19:47:13: Server cvar "_tutor_look_angle" = "10"
L 04/23/2026 - 19:47:13: Server cvar "_tutor_look_distance" = "200"
L 04/23/2026 - 19:47:13: Server cvar "_tutor_message_character_display_time_coefficient" = "0.07"
L 04/23/2026 - 19:47:13: Server cvar "_tutor_message_minimum_display_time" = "1"
L 04/23/2026 - 19:47:13: Server cvar "_tutor_message_repeats" = "5"
L 04/23/2026 - 19:47:13: Server cvar "_tutor_view_distance" = "1000"
L 04/23/2026 - 19:47:13: Server cvar "allow_spectators" = "1.0"
L 04/23/2026 - 19:47:13: Server cvar "amx_client_languages" = "1"
L 04/23/2026 - 19:47:13: Server cvar "amx_language" = "bp"
L 04/23/2026 - 19:47:13: Server cvar "amx_nextmap" = "de_aztec"
L 04/23/2026 - 19:47:13: Server cvar "amx_timeleft" = "00:00"
L 04/23/2026 - 19:47:13: Server cvar "amxmodx_version" = "1.8.2"
L 04/23/2026 - 19:47:13: Server cvar "bot_allow_grenades" = "1"
L 04/23/2026 - 19:47:13: Server cvar "bot_allow_machine_guns" = "1"
L 04/23/2026 - 19:47:13: Server cvar "bot_allow_pistols" = "1"
L 04/23/2026 - 19:47:13: Server cvar "bot_allow_rifles" = "1"
L 04/23/2026 - 19:47:13: Server cvar "bot_allow_rogues" = "1"
L 04/23/2026 - 19:47:13: Server cvar "bot_allow_shield" = "1"
L 04/23/2026 - 19:47:13: Server cvar "bot_allow_shotguns" = "1"
L 04/23/2026 - 19:47:13: Server cvar "bot_allow_snipers" = "1"
L 04/23/2026 - 19:47:13: Server cvar "bot_allow_sub_machine_guns" = "1"
L 04/23/2026 - 19:47:13: Server cvar "bot_auto_vacate" = "1"
L 04/23/2026 - 19:47:13: Server cvar "bot_chatter" = "normal"
L 04/23/2026 - 19:47:13: Server cvar "bot_debug" = "0"
L 04/23/2026 - 19:47:13: Server cvar "bot_defer_to_human" = "0"
L 04/23/2026 - 19:47:13: Server cvar "bot_difficulty" = "0"
L 04/23/2026 - 19:47:13: Server cvar "bot_join_after_player" = "1"
L 04/23/2026 - 19:47:13: Server cvar "bot_join_team" = "any"
L 04/23/2026 - 19:47:13: Server cvar "bot_nav_edit" = "0"
L 04/23/2026 - 19:47:13: Server cvar "bot_nav_zdraw" = "4"
L 04/23/2026 - 19:47:13: Server cvar "bot_prefix" = ""
L 04/23/2026 - 19:47:13: Server cvar "bot_profile_db" = "BotProfile.db"
L 04/23/2026 - 19:47:13: Server cvar "bot_quicksave" = "0"
L 04/23/2026 - 19:47:13: Server cvar "bot_quota" = "0"
L 04/23/2026 - 19:47:13: Server cvar "bot_quota_match" = "0"
L 04/23/2026 - 19:47:13: Server cvar "bot_show_danger" = "0"
L 04/23/2026 - 19:47:13: Server cvar "bot_show_nav" = "0"
L 04/23/2026 - 19:47:13: Server cvar "bot_stop" = "0"
L 04/23/2026 - 19:47:13: Server cvar "bot_traceview" = "0"
L 04/23/2026 - 19:47:13: Server cvar "bot_walk" = "0"
L 04/23/2026 - 19:47:13: Server cvar "bot_zombie" = "0"
L 04/23/2026 - 19:47:13: Server cvar "coop" = "0"
L 04/23/2026 - 19:47:13: Server cvar "deathmatch" = "1"
L 04/23/2026 - 19:47:13: Server cvar "decalfrequency" = "30"
L 04/23/2026 - 19:47:13: Server cvar "edgefriction" = "2"
L 04/23/2026 - 19:47:13: Server cvar "hostage_debug" = "0"
L 04/23/2026 - 19:47:13: Server cvar "hostage_stop" = "0"
L 04/23/2026 - 19:47:13: Server cvar "humans_join_team" = "any"
L 04/23/2026 - 19:47:13: Server cvar "max_queries_sec" = "3.0"
L 04/23/2026 - 19:47:13: Server cvar "max_queries_sec_global" = "30"
L 04/23/2026 - 19:47:13: Server cvar "max_queries_window" = "60"
L 04/23/2026 - 19:47:13: Server cvar "metamod_version" = "1.21p37"
L 04/23/2026 - 19:47:13: Server cvar "mp_allowmonsters" = "0"
L 04/23/2026 - 19:47:13: Server cvar "mp_autokick" = "0"
L 04/23/2026 - 19:47:13: Server cvar "mp_autoteambalance" = "2"
L 04/23/2026 - 19:47:13: Server cvar "mp_buytime" = "0.2"
L 04/23/2026 - 19:47:13: Server cvar "mp_c4timer" = "45"
L 04/23/2026 - 19:47:13: Server cvar "mp_chattime" = "1"
L 04/23/2026 - 19:47:13: Server cvar "mp_consistency" = "0"
L 04/23/2026 - 19:47:13: Server cvar "mp_fadetoblack" = "0"
L 04/23/2026 - 19:47:13: Server cvar "mp_flashlight" = "0"
L 04/23/2026 - 19:47:13: Server cvar "mp_footsteps" = "1"
L 04/23/2026 - 19:47:13: Server cvar "mp_forcecamera" = "0"
L 04/23/2026 - 19:47:13: Server cvar "mp_forcechasecam" = "0"
L 04/23/2026 - 19:47:13: Server cvar "mp_fragsleft" = "0"
L 04/23/2026 - 19:47:13: Server cvar "mp_freezetime" = "0"
L 04/23/2026 - 19:47:13: Server cvar "mp_friendlyfire" = "0"
L 04/23/2026 - 19:47:13: Server cvar "mp_ghostfrequency" = "0.1"
L 04/23/2026 - 19:47:13: Server cvar "mp_hostagepenalty" = "0"
L 04/23/2026 - 19:47:13: Server cvar "mp_kickpercent" = "0.66"
L 04/23/2026 - 19:47:13: Server cvar "mp_limitteams" = "2"
L 04/23/2026 - 19:47:13: Server cvar "mp_logdetail" = "0"
L 04/23/2026 - 19:47:13: Server cvar "mp_logfile" = "1"
L 04/23/2026 - 19:47:13: Server cvar "mp_logmessages" = "1"
L 04/23/2026 - 19:47:13: Server cvar "mp_mapvoteratio" = "0.66"
L 04/23/2026 - 19:47:13: Server cvar "mp_maxrounds" = "0"
L 04/23/2026 - 19:47:13: Server cvar "mp_mirrordamage" = "0"
L 04/23/2026 - 19:47:13: Server cvar "mp_playerid" = "1"
L 04/23/2026 - 19:47:13: Server cvar "mp_roundtime" = "3.0"
L 04/23/2026 - 19:47:13: Server cvar "mp_startmoney" = "16000"
L 04/23/2026 - 19:47:13: Server cvar "mp_timeleft" = "0"
L 04/23/2026 - 19:47:13: Server cvar "mp_timelimit" = "0"
L 04/23/2026 - 19:47:13: Server cvar "mp_tkpunish" = "0"
L 04/23/2026 - 19:47:13: Server cvar "mp_windifference" = "1"
L 04/23/2026 - 19:47:13: Server cvar "mp_winlimit" = "0"
L 04/23/2026 - 19:47:13: Server cvar "pausable" = "0"
L 04/23/2026 - 19:47:13: Server cvar "sv_accelerate" = "5"
L 04/23/2026 - 19:47:13: Server cvar "sv_aim" = "0"
L 04/23/2026 - 19:47:13: Server cvar "sv_airaccelerate" = "5"
L 04/23/2026 - 19:47:13: Server cvar "sv_airmove" = "1"
L 04/23/2026 - 19:47:13: Server cvar "sv_allowupload" = "0"
L 04/23/2026 - 19:47:13: Server cvar "sv_alltalk" = "0"
L 04/23/2026 - 19:47:13: Server cvar "sv_bounce" = "1"
L 04/23/2026 - 19:47:13: Server cvar "sv_cheats" = "0"
L 04/23/2026 - 19:47:13: Server cvar "sv_clienttrace" = "1"
L 04/23/2026 - 19:47:13: Server cvar "sv_clipmode" = "0"
L 04/23/2026 - 19:47:13: Server cvar "sv_contact" = "contato@deividserver"
L 04/23/2026 - 19:47:13: Server cvar "sv_friction" = "4"
L 04/23/2026 - 19:47:13: Server cvar "sv_gravity" = "800"
L 04/23/2026 - 19:47:13: Server cvar "sv_logblocks" = "0"
L 04/23/2026 - 19:47:13: Server cvar "sv_maxrate" = "100000"
L 04/23/2026 - 19:47:13: Server cvar "sv_maxspeed" = "400"
L 04/23/2026 - 19:47:13: Server cvar "sv_minrate" = "50000"
L 04/23/2026 - 19:47:13: Server cvar "sv_password" = ""
L 04/23/2026 - 19:47:13: Server cvar "sv_proxies" = "0"
L 04/23/2026 - 19:47:13: Server cvar "sv_region" = "255"
L 04/23/2026 - 19:47:13: Server cvar "sv_restart" = "0"
L 04/23/2026 - 19:47:13: Server cvar "sv_restartround" = "0"
L 04/23/2026 - 19:47:13: Server cvar "sv_stepsize" = "18"
L 04/23/2026 - 19:47:13: Server cvar "sv_stopspeed" = "75"
L 04/23/2026 - 19:47:13: Server cvar "sv_uploadmax" = "0.5"
L 04/23/2026 - 19:47:13: Server cvar "sv_voiceenable" = "1"
L 04/23/2026 - 19:47:13: Server cvar "sv_wateraccelerate" = "10"
L 04/23/2026 - 19:47:13: Server cvar "sv_waterfriction" = "1"
L 04/23/2026 - 19:47:13: Server cvars end
L 04/23/2026 - 19:47:13: Server cvar "sv_maxspeed" = "900"
L 04/23/2026 - 19:47:13: Server cvar "amx_language" = "en"
L 04/23/2026 - 19:47:13: Server cvar "amx_nextmap" = "de_dust2"
L 04/23/2026 - 19:47:13: Started map "de_dust2" (CRC "1159425449")
L 04/23/2026 - 19:47:13: Server cvar "amx_language" = "bp"
L 04/23/2026 - 19:47:13: Server cvar "sv_accelerate" = "0"
L 04/23/2026 - 19:47:13: Server cvar "sv_maxspeed" = "400"
L 04/23/2026 - 19:47:13: Log file closed
