L 07/29/2021 - 15:13:11: Log file started (file "logs\L0729010.log") (game "cstrike") (version "48/1.1.2.6/2.0.0.0/4554")
L 07/29/2021 - 15:13:11: Server cvar "amx_language" = "bp"
L 07/29/2021 - 15:13:11: "DeDe<1><STEAM_ID_LAN><>" connected, address "loopback"
L 07/29/2021 - 15:13:11: Server cvar "sv_accelerate" = "5"
L 07/29/2021 - 15:13:12: "DeDe<1><STEAM_ID_LAN><>" entered the game
L 07/29/2021 - 15:13:12: World triggered "Round_Start"
L 07/29/2021 - 15:13:15: "DeDe<1><STEAM_ID_LAN><>" joined team "TERRORIST"
L 07/29/2021 - 15:13:15: "DeDe<1><STEAM_ID_LAN><TERRORIST>" triggered "Spawned_With_The_Bomb"
L 07/29/2021 - 15:13:16: Server cvar "mp_buytime" = "0.250000"
L 07/29/2021 - 15:13:49: [META] ini: Begin re-reading plugins list: c:/jogos/counter-strike/cstrike/addons/metamod/plugins.ini
L 07/29/2021 - 15:13:49: [META] ini: Read plugin config for: dproto_EF
L 07/29/2021 - 15:13:49: [META] ini: Read plugin config for: AMX Mod X
L 07/29/2021 - 15:13:49: [META] ini: Finished reading plugins list: c:/jogos/counter-strike/cstrike/addons/metamod/plugins.ini; Found 2 plugins
L 07/29/2021 - 15:13:49: [META] dll: Updating plugins...
L 07/29/2021 - 15:13:49: [META] dll: Finished updating 8 plugins; kept 1, loaded 0, unloaded 0, reloaded 0, delayed 0
L 07/29/2021 - 15:13:49: "DeDe<-1><><TERRORIST>" triggered "Dropped_The_Bomb"
L 07/29/2021 - 15:13:49: "DeDe<-1><><TERRORIST>" disconnected
L 07/29/2021 - 15:13:49: World triggered "Round_Draw" (CT "0") (T "0")
L 07/29/2021 - 15:13:49: World triggered "Round_End"
L 07/29/2021 - 15:13:49: Server shutdown
L 07/29/2021 - 15:13:49: Log file closed
